<?xml version="1.0" encoding="UTF-8"?>
<!DOCTYPE properties SYSTEM "http://java.sun.com/dtd/properties.dtd">
<properties version="1.0">
    <comment>Sample test run arguments</comment>
    <entry key="iut">http://labs.metoffice.gov.uk/edr2</entry>
    <entry key="ics">Core</entry>
    <entry key="apiDefinition">http://labs.metoffice.gov.uk/edr2/openapi.json</entry>
    <entry key="noofcollections">5</entry>
</properties>
